[01-Mar-2025 19:31:54] NOTICE: fpm is running, pid 10427
[01-Mar-2025 19:31:54] NOTICE: ready to handle connections
[03-Mar-2025 23:15:35] NOTICE: fpm is running, pid 58576
[03-Mar-2025 23:15:35] NOTICE: ready to handle connections
[03-Mar-2025 23:57:21] NOTICE: Terminating ...
[03-Mar-2025 23:57:21] NOTICE: Terminating ...
[03-Mar-2025 23:57:21] NOTICE: exiting, bye-bye!
[05-Mar-2025 14:11:11] NOTICE: fpm is running, pid 8855
[05-Mar-2025 14:11:11] NOTICE: ready to handle connections
[06-Mar-2025 00:26:06] NOTICE: Terminating ...
[06-Mar-2025 00:26:06] NOTICE: Terminating ...
[06-Mar-2025 00:26:06] NOTICE: exiting, bye-bye!
[07-Mar-2025 19:57:02] NOTICE: fpm is running, pid 53954
[07-Mar-2025 19:57:02] NOTICE: ready to handle connections
[09-Mar-2025 00:13:34] NOTICE: Terminating ...
[09-Mar-2025 00:13:34] NOTICE: Terminating ...
[09-Mar-2025 00:13:34] NOTICE: exiting, bye-bye!
[06-Apr-2025 12:54:44] NOTICE: fpm is running, pid 57515
[06-Apr-2025 12:54:44] NOTICE: ready to handle connections
[06-Apr-2025 14:00:19] NOTICE: Terminating ...
[06-Apr-2025 14:00:19] NOTICE: exiting, bye-bye!
